<?xml version="1.0" encoding="UTF-8"?>
<!-- Generated by org.testng.reporters.JUnitXMLReporter -->
<testsuite hostname="DESKTOP-U72JIPD" ignored="0" name="Test" tests="6" failures="0" timestamp="2022-02-25T17:59:52 GMT" time="790.734" errors="0">
  <testcase name="loginpagetest" time="32.342" classname="HMS.Admin.Testcases.LoginTest"/>
  <testcase name="dashtest" time="10.404" classname="HMS.Admin.Testcases.DashboadTest"/>
  <testcase name="ffvisitor" time="26.586" classname="HMS.Admin.Testcases.FrontofficeTest"/>
  <testcase name="addvistordetails" time="48.917" classname="HMS.Admin.Testcases.VistorTest"/>
  <testcase name="addvistordetails" time="43.499" classname="HMS.Admin.Testcases.VistorTest"/>
  <testcase name="addvistordetails" time="42.065" classname="HMS.Admin.Testcases.VistorTest"/>
</testsuite> <!-- Test -->
